{"D:\\package\\firefose\\src\\math.ts": {"path":"D:\\package\\firefose\\src\\math.ts","statementMap":{"0":{"start":{"line":1,"column":53},"end":{"line":1,"column":68}},"1":{"start":{"line":1,"column":63},"end":{"line":1,"column":68}}},"fnMap":{"0":{"name":"(anonymous_0)","decl":{"start":{"line":1,"column":53},"end":{"line":1,"column":54}},"loc":{"start":{"line":1,"column":63},"end":{"line":1,"column":68}},"line":1}},"branchMap":{},"s":{"0":1,"1":1},"f":{"0":1},"b":{},"_coverageSchema":"1a1c01bbd47fc00a2c39e90264f33305004495a9","hash":"0a32b1567b66d21c1ce596a9cd52fe3b1441dcd6"}
}
